\BOOKMARK [0][-]{chapter.1}{\376\377\000B\000e\000v\000e\000z\000e\000t\001\121}{}% 1
\BOOKMARK [1][-]{section.1.1}{\376\377\000A\000\040\000d\000o\000l\000g\000o\000z\000a\000t\000\040\000c\000\351\000l\000j\000a}{chapter.1}% 2
\BOOKMARK [1][-]{section.1.2}{\376\377\000M\000e\000g\000v\000a\000l\000\363\000s\000\355\000t\000\341\000s}{chapter.1}% 3
\BOOKMARK [0][-]{chapter.2}{\376\377\000F\000o\000r\000g\000a\000l\000m\000i\000\040\000t\000\341\000b\000l\000\341\000k}{}% 4
\BOOKMARK [1][-]{section.2.1}{\376\377\000M\000i\000k\000\040\000a\000\040\000f\000o\000r\000g\000a\000l\000m\000i\000\040\000t\000\341\000b\000l\000\341\000k\000?}{chapter.2}% 5
\BOOKMARK [1][-]{section.2.2}{\376\377\000A\000d\000a\000t\000h\000a\000l\000m\000a\000z}{chapter.2}% 6
\BOOKMARK [2][-]{subsection.2.2.1}{\376\377\000T\000a\000n\000u\000l\000\341\000s\000i\000\040\000a\000d\000a\000t\000o\000k}{section.2.2}% 7
\BOOKMARK [2][-]{subsection.2.2.2}{\376\377\000T\000e\000s\000z\000t\000e\000l\000\351\000s\000i\000\040\000a\000d\000a\000t\000o\000k}{section.2.2}% 8
\BOOKMARK [0][-]{chapter.3}{\376\377\000D\000a\000r\000a\000b\000o\000l\000\341\000s}{}% 9
\BOOKMARK [0][-]{chapter.4}{\376\377\000K\000\351\000p\000e\000k\000\040\000e\000l\001\121\000f\000e\000l\000d\000o\000l\000g\000o\000z\000\341\000s\000a}{}% 10
\BOOKMARK [1][-]{section.4.1}{\376\377\000S\000z\000\355\000n\000t\000e\000r\000e\000k}{chapter.4}% 11
\BOOKMARK [2][-]{subsection.4.1.1}{\376\377\000R\000G\000B\000\040\000s\000z\000\355\000n\000t\000\351\000r}{section.4.1}% 12
\BOOKMARK [2][-]{subsection.4.1.2}{\376\377\000H\000S\000V\000\040\000s\000z\000\355\000n\000t\000\351\000r}{section.4.1}% 13
\BOOKMARK [1][-]{section.4.2}{\376\377\000M\000e\000g\000v\000a\000l\000\363\000s\000\355\000t\000\341\000s}{chapter.4}% 14
\BOOKMARK [1][-]{section.4.3}{\376\377\000\301\000t\000m\000\351\000r\000e\000t\000e\000z\000\351\000s}{chapter.4}% 15
\BOOKMARK [0][-]{chapter.5}{\376\377\000N\000e\000u\000r\000\341\000l\000i\000s\000\040\000h\000\341\000l\000\363\000z\000a\000t\000o\000k}{}% 16
\BOOKMARK [1][-]{section.5.1}{\376\377\000B\000e\000v\000e\000z\000e\000t\001\121}{chapter.5}% 17
\BOOKMARK [2][-]{subsection.5.1.1}{\376\377\000B\000i\000o\000l\000\363\000g\000i\000a\000i\000\040\000m\000o\000d\000e\000l\000l}{section.5.1}% 18
\BOOKMARK [1][-]{section.5.2}{\376\377\000M\000e\000s\000t\000e\000r\000s\000\351\000g\000e\000s\000\040\000n\000e\000u\000r\000o\000n\000o\000k}{chapter.5}% 19
\BOOKMARK [2][-]{subsection.5.2.1}{\376\377\000S\000z\000i\000g\000m\000o\000i\000d\000\040\000n\000e\000u\000r\000o\000n}{section.5.2}% 20
\BOOKMARK [1][-]{section.5.3}{\376\377\000N\000e\000u\000r\000\341\000l\000i\000s\000\040\000h\000\341\000l\000\363\000k\000\040\000s\000t\000r\000u\000k\000t\000\372\000r\000\341\000j\000a}{chapter.5}% 21
\BOOKMARK [1][-]{section.5.4}{\376\377\000S\000z\000t\000o\000c\000h\000a\000s\000z\000t\000i\000k\000u\000s\000\040\000g\000r\000a\000d\000i\000e\000n\000s\000\040\000c\000s\000\366\000k\000k\000e\000n\000t\000\351\000s}{chapter.5}% 22
\BOOKMARK [1][-]{section.5.5}{\376\377\000B\000a\000c\000k\000p\000r\000o\000p\000a\000g\000a\000t\000i\000o\000n}{chapter.5}% 23
\BOOKMARK [0][-]{chapter.6}{\376\377\000A\000z\000\040\000a\000l\000g\000o\000r\000i\000t\000m\000u\000s}{}% 24
\BOOKMARK [0][-]{chapter.7}{\376\377\000A\000\040\000k\000i\000m\000e\000n\000e\000t}{}% 25
\BOOKMARK [0][-]{chapter.8}{\376\377\000E\000r\000e\000d\000m\000\351\000n\000y\000e\000k\000\040\000\351\000s\000\040\000k\000\366\000v\000e\000t\000k\000e\000z\000t\000e\000t\000\351\000s\000e\000k}{}% 26
\BOOKMARK [1][-]{section.8.1}{\376\377\000R\000\351\000t\000e\000g\000e\000k\000\040\000s\000z\000\341\000m\000\341\000n\000a\000k\000\040\000m\000e\000g\000h\000a\000t\000\341\000r\000o\000z\000\341\000s\000a}{chapter.8}% 27
\BOOKMARK [1][-]{section.8.2}{\376\377\000T\000a\000n\000u\000l\000\341\000s\000i\000\040\000r\000\341\000t\000a\000\040\000m\000e\000g\000h\000a\000t\000\341\000r\000o\000z\000\341\000s\000a}{chapter.8}% 28
\BOOKMARK [1][-]{section.8.3}{\376\377\000B\000a\000t\000c\000h\000\040\000m\000\351\000r\000e\000t\000\351\000n\000e\000k\000\040\000m\000e\000g\000h\000a\000t\000\341\000r\000o\000z\000\341\000s\000a}{chapter.8}% 29
\BOOKMARK [1][-]{section.8.4}{\376\377\000C\000i\000k\000l\000u\000s\000o\000k\000\040\000s\000z\000\341\000m\000\341\000n\000a\000k\000\040\000m\000e\000g\000h\000a\000t\000\341\000r\000o\000z\000\341\000s\000a}{chapter.8}% 30
\BOOKMARK [0][-]{appendix.A}{\376\377\000F\000o\000n\000t\000o\000s\000a\000b\000b\000\040\000p\000r\000o\000g\000r\000a\000m\000k\000\363\000d\000o\000k\000\040\000l\000i\000s\000t\000\341\000j\000a}{}% 31
\BOOKMARK [1][-]{section.A.1}{\376\377\000A\000\040\000n\000e\000u\000r\000\341\000l\000i\000s\000\040\000h\000\341\000l\000\363}{appendix.A}% 32
\BOOKMARK [1][-]{section.A.2}{\376\377\000A\000z\000\040\000a\000d\000a\000t\000o\000k\000\040\000e\000l\001\121\000f\000e\000l\000d\000o\000l\000g\000o\000z\000\341\000s\000a}{appendix.A}% 33
\BOOKMARK [1][-]{section.A.3}{\376\377\000A\000\040\000m\000a\000i\000n\000\040\000f\000\374\000g\000g\000v\000\351\000n\000y}{appendix.A}% 34
