\BOOKMARK [0][-]{chapter.1}{\376\377\000B\000e\000v\000e\000z\000e\000t\001\121}{}% 1
\BOOKMARK [1][-]{section.1.1}{\376\377\000A\000\040\000d\000o\000l\000g\000o\000z\000a\000t\000\040\000c\000\351\000l\000j\000a}{chapter.1}% 2
\BOOKMARK [1][-]{section.1.2}{\376\377\000M\000e\000g\000v\000a\000l\000\363\000s\000\355\000t\000\341\000s}{chapter.1}% 3
\BOOKMARK [0][-]{chapter.2}{\376\377\000E\000d\000d\000i\000g\000i\000\040\000e\000r\000e\000d\000m\000\351\000n\000y\000e\000k}{}% 4
\BOOKMARK [1][-]{section.2.1}{\376\377\000S\000z\000\355\000n\000\040\000\351\000s\000\040\000f\000o\000r\000m\000a\000i\000\040\000j\000e\000l\000l\000e\000m\000z\001\121\000k\000\040\000k\000i\000v\000o\000n\000\341\000s\000\341\000v\000a\000l}{chapter.2}% 5
\BOOKMARK [0][-]{chapter.3}{\376\377\000F\000o\000r\000g\000a\000l\000m\000i\000\040\000t\000\341\000b\000l\000\341\000k}{}% 6
\BOOKMARK [1][-]{section.3.1}{\376\377\000M\000i\000k\000\040\000a\000\040\000f\000o\000r\000g\000a\000l\000m\000i\000\040\000t\000\341\000b\000l\000\341\000k\000?}{chapter.3}% 7
\BOOKMARK [1][-]{section.3.2}{\376\377\000A\000d\000a\000t\000h\000a\000l\000m\000a\000z}{chapter.3}% 8
\BOOKMARK [2][-]{subsection.3.2.1}{\376\377\000T\000a\000n\000u\000l\000\341\000s\000i\000\040\000a\000d\000a\000t\000o\000k}{section.3.2}% 9
\BOOKMARK [2][-]{subsection.3.2.2}{\376\377\000T\000e\000s\000z\000t\000e\000l\000\351\000s\000i\000\040\000a\000d\000a\000t\000o\000k}{section.3.2}% 10
\BOOKMARK [0][-]{chapter.4}{\376\377\000D\000a\000r\000a\000b\000o\000l\000\341\000s}{}% 11
\BOOKMARK [0][-]{chapter.5}{\376\377\000K\000\351\000p\000e\000k\000\040\000e\000l\001\121\000f\000e\000l\000d\000o\000l\000g\000o\000z\000\341\000s\000a}{}% 12
\BOOKMARK [1][-]{section.5.1}{\376\377\000S\000z\000\355\000n\000t\000e\000r\000e\000k}{chapter.5}% 13
\BOOKMARK [2][-]{subsection.5.1.1}{\376\377\000R\000G\000B\000\040\000s\000z\000\355\000n\000t\000\351\000r}{section.5.1}% 14
\BOOKMARK [2][-]{subsection.5.1.2}{\376\377\000H\000S\000V\000\040\000s\000z\000\355\000n\000t\000\351\000r}{section.5.1}% 15
\BOOKMARK [1][-]{section.5.2}{\376\377\000M\000e\000g\000v\000a\000l\000\363\000s\000\355\000t\000\341\000s}{chapter.5}% 16
\BOOKMARK [1][-]{section.5.3}{\376\377\000\301\000t\000m\000\351\000r\000e\000t\000e\000z\000\351\000s}{chapter.5}% 17
\BOOKMARK [0][-]{chapter.6}{\376\377\000N\000e\000u\000r\000\341\000l\000i\000s\000\040\000h\000\341\000l\000\363\000z\000a\000t\000o\000k}{}% 18
\BOOKMARK [1][-]{section.6.1}{\376\377\000B\000e\000v\000e\000z\000e\000t\001\121}{chapter.6}% 19
\BOOKMARK [2][-]{subsection.6.1.1}{\376\377\000B\000i\000o\000l\000\363\000g\000i\000a\000i\000\040\000m\000o\000d\000e\000l\000l}{section.6.1}% 20
\BOOKMARK [1][-]{section.6.2}{\376\377\000M\000e\000s\000t\000e\000r\000s\000\351\000g\000e\000s\000\040\000n\000e\000u\000r\000o\000n\000o\000k}{chapter.6}% 21
\BOOKMARK [2][-]{subsection.6.2.1}{\376\377\000S\000z\000i\000g\000m\000o\000i\000d\000\040\000n\000e\000u\000r\000o\000n}{section.6.2}% 22
\BOOKMARK [1][-]{section.6.3}{\376\377\000N\000e\000u\000r\000\341\000l\000i\000s\000\040\000h\000\341\000l\000\363\000k\000\040\000s\000t\000r\000u\000k\000t\000\372\000r\000\341\000j\000a}{chapter.6}% 23
\BOOKMARK [1][-]{section.6.4}{\376\377\000S\000z\000t\000o\000c\000h\000a\000s\000z\000t\000i\000k\000u\000s\000\040\000g\000r\000a\000d\000i\000e\000n\000s\000\040\000c\000s\000\366\000k\000k\000e\000n\000t\000\351\000s}{chapter.6}% 24
\BOOKMARK [1][-]{section.6.5}{\376\377\000B\000a\000c\000k\000p\000r\000o\000p\000a\000g\000a\000t\000i\000o\000n}{chapter.6}% 25
\BOOKMARK [0][-]{chapter.7}{\376\377\000A\000z\000\040\000a\000l\000g\000o\000r\000i\000t\000m\000u\000s}{}% 26
\BOOKMARK [0][-]{chapter.8}{\376\377\000A\000\040\000k\000i\000m\000e\000n\000e\000t}{}% 27
\BOOKMARK [0][-]{chapter.9}{\376\377\000E\000r\000e\000d\000m\000\351\000n\000y\000e\000k\000\040\000\351\000s\000\040\000k\000\366\000v\000e\000t\000k\000e\000z\000t\000e\000t\000\351\000s\000e\000k}{}% 28
\BOOKMARK [1][-]{section.9.1}{\376\377\000R\000\351\000t\000e\000g\000e\000k\000\040\000s\000z\000\341\000m\000\341\000n\000a\000k\000\040\000m\000e\000g\000h\000a\000t\000\341\000r\000o\000z\000\341\000s\000a}{chapter.9}% 29
\BOOKMARK [1][-]{section.9.2}{\376\377\000T\000a\000n\000u\000l\000\341\000s\000i\000\040\000r\000\341\000t\000a\000\040\000m\000e\000g\000h\000a\000t\000\341\000r\000o\000z\000\341\000s\000a}{chapter.9}% 30
\BOOKMARK [1][-]{section.9.3}{\376\377\000B\000a\000t\000c\000h\000\040\000m\000\351\000r\000e\000t\000\351\000n\000e\000k\000\040\000m\000e\000g\000h\000a\000t\000\341\000r\000o\000z\000\341\000s\000a}{chapter.9}% 31
\BOOKMARK [1][-]{section.9.4}{\376\377\000C\000i\000k\000l\000u\000s\000o\000k\000\040\000s\000z\000\341\000m\000\341\000n\000a\000k\000\040\000m\000e\000g\000h\000a\000t\000\341\000r\000o\000z\000\341\000s\000a}{chapter.9}% 32
\BOOKMARK [0][-]{chapter.10}{\376\377\000T\000o\000v\000\341\000b\000b\000f\000e\000j\000l\000e\000s\000z\000t\000\351\000s\000i\000\040\000l\000e\000h\000e\000t\001\121\000s\000\351\000g\000e\000k}{}% 33
\BOOKMARK [0][-]{chapter.11}{\376\377\000F\000o\000n\000t\000o\000s\000a\000b\000b\000\040\000p\000r\000o\000g\000r\000a\000m\000k\000\363\000d\000o\000k\000\040\000l\000i\000s\000t\000\341\000j\000a}{}% 34
